[0.012s] Invoking command in '/home/student/dev_ws/src/build/skibot_interfaces': CMAKE_PREFIX_PATH=${CMAKE_PREFIX_PATH}:/home/student/turtlebot3_ws/install/jmu_turtlebot3_bringup:/opt/ros/foxy /usr/bin/cmake /home/student/dev_ws/src/skibot/skibot_interfaces -DAMENT_CMAKE_SYMLINK_INSTALL=1 -DCMAKE_INSTALL_PREFIX=/home/student/dev_ws/src/install/skibot_interfaces
[0.071s] -- The C compiler identification is GNU 9.4.0
[0.132s] -- The CXX compiler identification is GNU 9.4.0
[0.134s] -- Check for working C compiler: /usr/bin/cc
[0.210s] -- Check for working C compiler: /usr/bin/cc -- works
[0.211s] -- Detecting C compiler ABI info
[0.289s] -- Detecting C compiler ABI info - done
[0.300s] -- Detecting C compile features
[0.300s] -- Detecting C compile features - done
[0.303s] -- Check for working CXX compiler: /usr/bin/c++
[0.398s] -- Check for working CXX compiler: /usr/bin/c++ -- works
[0.398s] -- Detecting CXX compiler ABI info
[0.476s] -- Detecting CXX compiler ABI info - done
[0.484s] -- Detecting CXX compile features
[0.484s] -- Detecting CXX compile features - done
[0.486s] -- Found ament_cmake: 0.9.9 (/opt/ros/foxy/share/ament_cmake/cmake)
[0.507s] -- Found PythonInterp: /usr/bin/python3 (found suitable version "3.8.10", minimum required is "3") 
[0.507s] -- Using PYTHON_EXECUTABLE: /usr/bin/python3
[0.632s] -- Override CMake install command with custom implementation using symlinks instead of copying resources
[0.648s] -- Found rosidl_default_generators: 1.0.1 (/opt/ros/foxy/share/rosidl_default_generators/cmake)
[0.650s] -- Using all available rosidl_typesupport_c: rosidl_typesupport_fastrtps_c;rosidl_typesupport_introspection_c
[0.655s] -- Found rosidl_adapter: 1.2.1 (/opt/ros/foxy/share/rosidl_adapter/cmake)
[0.736s] -- Found OpenSSL: /usr/lib/x86_64-linux-gnu/libcrypto.so (found version "1.1.1f")  
[0.751s] -- Found FastRTPS: /opt/ros/foxy/include  
[0.797s] -- Using all available rosidl_typesupport_cpp: rosidl_typesupport_fastrtps_cpp;rosidl_typesupport_introspection_cpp
[0.830s] -- Found PythonInterp: /usr/bin/python3 (found version "3.8.10") 
[0.912s] -- Found ament_cmake_ros: 0.9.2 (/opt/ros/foxy/share/ament_cmake_ros/cmake)
[0.970s] -- Using all available rosidl_typesupport_c: rosidl_typesupport_fastrtps_c;rosidl_typesupport_introspection_c
[0.975s] -- Using all available rosidl_typesupport_cpp: rosidl_typesupport_fastrtps_cpp;rosidl_typesupport_introspection_cpp
[0.994s] -- Found PythonInterp: /usr/bin/python3 (found suitable version "3.8.10", minimum required is "3.5") 
[0.995s] -- Found python_cmake_module: 0.8.1 (/opt/ros/foxy/share/python_cmake_module/cmake)
[1.017s] -- Found PythonLibs: /usr/lib/x86_64-linux-gnu/libpython3.8.so (found suitable version "3.8.10", minimum required is "3.5") 
[1.017s] -- Using PYTHON_EXECUTABLE: /usr/bin/python3
[1.017s] -- Using PYTHON_INCLUDE_DIRS: /usr/include/python3.8
[1.018s] -- Using PYTHON_LIBRARIES: /usr/lib/x86_64-linux-gnu/libpython3.8.so
[1.035s] -- Found PythonExtra: .so  
[1.067s] -- Found ament_lint_auto: 0.9.6 (/opt/ros/foxy/share/ament_lint_auto/cmake)
[1.081s] -- Added test 'copyright' to check source files copyright and LICENSE
[1.081s] -- Added test 'lint_cmake' to check CMake code style
[1.082s] -- Added test 'xmllint' to check XML markup files
[1.086s] -- Configuring done
[1.104s] -- Generating done
[1.105s] -- Build files have been written to: /home/student/dev_ws/src/build/skibot_interfaces
[1.111s] Invoked command in '/home/student/dev_ws/src/build/skibot_interfaces' returned '0': CMAKE_PREFIX_PATH=${CMAKE_PREFIX_PATH}:/home/student/turtlebot3_ws/install/jmu_turtlebot3_bringup:/opt/ros/foxy /usr/bin/cmake /home/student/dev_ws/src/skibot/skibot_interfaces -DAMENT_CMAKE_SYMLINK_INSTALL=1 -DCMAKE_INSTALL_PREFIX=/home/student/dev_ws/src/install/skibot_interfaces
[1.113s] Invoking command in '/home/student/dev_ws/src/build/skibot_interfaces': CMAKE_PREFIX_PATH=${CMAKE_PREFIX_PATH}:/home/student/turtlebot3_ws/install/jmu_turtlebot3_bringup:/opt/ros/foxy /usr/bin/cmake --build /home/student/dev_ws/src/build/skibot_interfaces -- -j16 -l16
[1.147s] [  2%] [34m[1mGenerating C code for ROS interfaces[0m
[1.147s] [35m[1mScanning dependencies of target skibot_interfaces__cpp[0m
[1.159s] [  5%] [34m[1mGenerating C++ code for ROS interfaces[0m
[1.343s] [35m[1mScanning dependencies of target skibot_interfaces__rosidl_generator_c[0m
[1.345s] [  5%] Built target skibot_interfaces__cpp
[1.352s] [  7%] [32mBuilding C object CMakeFiles/skibot_interfaces__rosidl_generator_c.dir/rosidl_generator_c/skibot_interfaces/srv/detail/teleport__functions.c.o[0m
[1.353s] [ 10%] [32mBuilding C object CMakeFiles/skibot_interfaces__rosidl_generator_c.dir/rosidl_generator_c/skibot_interfaces/msg/detail/pose__functions.c.o[0m
[1.353s] [ 12%] [34m[1mGenerating C++ type support dispatch for ROS interfaces[0m
[1.353s] [ 17%] [34m[1mGenerating C++ type support for eProsima Fast-RTPS[0m
[1.353s] [ 17%] [34m[1mGenerating C++ introspection for ROS interfaces[0m
[1.389s] [ 20%] [32m[1mLinking C shared library libskibot_interfaces__rosidl_generator_c.so[0m
[1.416s] [ 20%] Built target skibot_interfaces__rosidl_generator_c
[1.424s] [ 23%] [34m[1mGenerating C introspection for ROS interfaces[0m
[1.425s] [ 25%] [34m[1mGenerating C type support dispatch for ROS interfaces[0m
[1.537s] [35m[1mScanning dependencies of target skibot_interfaces__rosidl_typesupport_cpp[0m
[1.547s] [ 28%] [32mBuilding CXX object CMakeFiles/skibot_interfaces__rosidl_typesupport_cpp.dir/rosidl_typesupport_cpp/skibot_interfaces/msg/pose__type_support.cpp.o[0m
[1.547s] [ 30%] [32mBuilding CXX object CMakeFiles/skibot_interfaces__rosidl_typesupport_cpp.dir/rosidl_typesupport_cpp/skibot_interfaces/srv/teleport__type_support.cpp.o[0m
[1.550s] [35m[1mScanning dependencies of target skibot_interfaces__rosidl_typesupport_introspection_cpp[0m
[1.561s] [ 33%] [32mBuilding CXX object CMakeFiles/skibot_interfaces__rosidl_typesupport_introspection_cpp.dir/rosidl_typesupport_introspection_cpp/skibot_interfaces/msg/detail/pose__type_support.cpp.o[0m
[1.561s] [ 35%] [32mBuilding CXX object CMakeFiles/skibot_interfaces__rosidl_typesupport_introspection_cpp.dir/rosidl_typesupport_introspection_cpp/skibot_interfaces/srv/detail/teleport__type_support.cpp.o[0m
[1.570s] [35m[1mScanning dependencies of target skibot_interfaces__rosidl_typesupport_fastrtps_cpp[0m
[1.584s] [ 38%] [32mBuilding CXX object CMakeFiles/skibot_interfaces__rosidl_typesupport_fastrtps_cpp.dir/rosidl_typesupport_fastrtps_cpp/skibot_interfaces/msg/detail/dds_fastrtps/pose__type_support.cpp.o[0m
[1.587s] [ 41%] [32mBuilding CXX object CMakeFiles/skibot_interfaces__rosidl_typesupport_fastrtps_cpp.dir/rosidl_typesupport_fastrtps_cpp/skibot_interfaces/srv/detail/dds_fastrtps/teleport__type_support.cpp.o[0m
[1.618s] [35m[1mScanning dependencies of target skibot_interfaces__rosidl_typesupport_c[0m
[1.628s] [ 43%] [32mBuilding CXX object CMakeFiles/skibot_interfaces__rosidl_typesupport_c.dir/rosidl_typesupport_c/skibot_interfaces/srv/teleport__type_support.cpp.o[0m
[1.630s] [ 46%] [32mBuilding CXX object CMakeFiles/skibot_interfaces__rosidl_typesupport_c.dir/rosidl_typesupport_c/skibot_interfaces/msg/pose__type_support.cpp.o[0m
[1.646s] [35m[1mScanning dependencies of target skibot_interfaces__rosidl_typesupport_introspection_c[0m
[1.656s] [ 48%] [32mBuilding C object CMakeFiles/skibot_interfaces__rosidl_typesupport_introspection_c.dir/rosidl_typesupport_introspection_c/skibot_interfaces/msg/detail/pose__type_support.c.o[0m
[1.659s] [ 51%] [32mBuilding C object CMakeFiles/skibot_interfaces__rosidl_typesupport_introspection_c.dir/rosidl_typesupport_introspection_c/skibot_interfaces/srv/detail/teleport__type_support.c.o[0m
[1.663s] [ 53%] [32m[1mLinking CXX shared library libskibot_interfaces__rosidl_typesupport_c.so[0m
[1.694s] [ 56%] [32m[1mLinking C shared library libskibot_interfaces__rosidl_typesupport_introspection_c.so[0m
[1.695s] [ 56%] Built target skibot_interfaces__rosidl_typesupport_c
[1.719s] [ 56%] Built target skibot_interfaces__rosidl_typesupport_introspection_c
[1.783s] [ 58%] [32m[1mLinking CXX shared library libskibot_interfaces__rosidl_typesupport_cpp.so[0m
[1.799s] [ 61%] [32m[1mLinking CXX shared library libskibot_interfaces__rosidl_typesupport_introspection_cpp.so[0m
[1.815s] [ 61%] Built target skibot_interfaces__rosidl_typesupport_cpp
[1.832s] [ 61%] Built target skibot_interfaces__rosidl_typesupport_introspection_cpp
[1.910s] [ 64%] [32m[1mLinking CXX shared library libskibot_interfaces__rosidl_typesupport_fastrtps_cpp.so[0m
[1.971s] [ 64%] Built target skibot_interfaces__rosidl_typesupport_fastrtps_cpp
[1.977s] [ 66%] [34m[1mGenerating C type support for eProsima Fast-RTPS[0m
[2.143s] [35m[1mScanning dependencies of target skibot_interfaces__rosidl_typesupport_fastrtps_c[0m
[2.153s] [ 69%] [32mBuilding CXX object CMakeFiles/skibot_interfaces__rosidl_typesupport_fastrtps_c.dir/rosidl_typesupport_fastrtps_c/skibot_interfaces/msg/detail/pose__type_support_c.cpp.o[0m
[2.154s] [ 71%] [32mBuilding CXX object CMakeFiles/skibot_interfaces__rosidl_typesupport_fastrtps_c.dir/rosidl_typesupport_fastrtps_c/skibot_interfaces/srv/detail/teleport__type_support_c.cpp.o[0m
[2.377s] [ 74%] [32m[1mLinking CXX shared library libskibot_interfaces__rosidl_typesupport_fastrtps_c.so[0m
[2.428s] [ 74%] Built target skibot_interfaces__rosidl_typesupport_fastrtps_c
[2.436s] [35m[1mScanning dependencies of target skibot_interfaces[0m
[2.443s] [ 74%] Built target skibot_interfaces
[2.452s] [35m[1mScanning dependencies of target skibot_interfaces__py[0m
[2.467s] [ 76%] [34m[1mGenerating Python code for ROS interfaces[0m
[2.787s] [ 76%] Built target skibot_interfaces__py
[2.793s] [35m[1mScanning dependencies of target skibot_interfaces__python[0m
[2.805s] [ 79%] [32mBuilding C object CMakeFiles/skibot_interfaces__python.dir/rosidl_generator_py/skibot_interfaces/srv/_teleport_s.c.o[0m
[2.806s] [ 82%] [32mBuilding C object CMakeFiles/skibot_interfaces__python.dir/rosidl_generator_py/skibot_interfaces/msg/_pose_s.c.o[0m
[2.868s] [ 84%] [32m[1mLinking C shared library rosidl_generator_py/skibot_interfaces/libskibot_interfaces__python.so[0m
[2.895s] [ 84%] Built target skibot_interfaces__python
[2.904s] [35m[1mScanning dependencies of target skibot_interfaces__rosidl_typesupport_c__pyext[0m
[2.904s] [35m[1mScanning dependencies of target skibot_interfaces__rosidl_typesupport_introspection_c__pyext[0m
[2.904s] [35m[1mScanning dependencies of target skibot_interfaces__rosidl_typesupport_fastrtps_c__pyext[0m
[2.917s] [ 92%] [32mBuilding C object CMakeFiles/skibot_interfaces__rosidl_typesupport_c__pyext.dir/rosidl_generator_py/skibot_interfaces/_skibot_interfaces_s.ep.rosidl_typesupport_c.c.o[0m
[2.917s] [ 92%] [32mBuilding C object CMakeFiles/skibot_interfaces__rosidl_typesupport_fastrtps_c__pyext.dir/rosidl_generator_py/skibot_interfaces/_skibot_interfaces_s.ep.rosidl_typesupport_fastrtps_c.c.o[0m
[2.917s] [ 92%] [32mBuilding C object CMakeFiles/skibot_interfaces__rosidl_typesupport_introspection_c__pyext.dir/rosidl_generator_py/skibot_interfaces/_skibot_interfaces_s.ep.rosidl_typesupport_introspection_c.c.o[0m
[2.978s] [100%] [32m[1mLinking CXX shared library rosidl_generator_py/skibot_interfaces/skibot_interfaces_s__rosidl_typesupport_fastrtps_c.cpython-38-x86_64-linux-gnu.so[0m
[2.978s] [100%] [32m[1mLinking C shared library rosidl_generator_py/skibot_interfaces/skibot_interfaces_s__rosidl_typesupport_c.cpython-38-x86_64-linux-gnu.so[0m
[2.978s] [100%] [32m[1mLinking C shared library rosidl_generator_py/skibot_interfaces/skibot_interfaces_s__rosidl_typesupport_introspection_c.cpython-38-x86_64-linux-gnu.so[0m
[3.002s] [100%] Built target skibot_interfaces__rosidl_typesupport_c__pyext
[3.004s] [100%] Built target skibot_interfaces__rosidl_typesupport_introspection_c__pyext
[3.021s] [100%] Built target skibot_interfaces__rosidl_typesupport_fastrtps_c__pyext
[3.030s] Invoked command in '/home/student/dev_ws/src/build/skibot_interfaces' returned '0': CMAKE_PREFIX_PATH=${CMAKE_PREFIX_PATH}:/home/student/turtlebot3_ws/install/jmu_turtlebot3_bringup:/opt/ros/foxy /usr/bin/cmake --build /home/student/dev_ws/src/build/skibot_interfaces -- -j16 -l16
[3.118s] Invoking command in '/home/student/dev_ws/src/build/skibot_interfaces': CMAKE_PREFIX_PATH=${CMAKE_PREFIX_PATH}:/home/student/turtlebot3_ws/install/jmu_turtlebot3_bringup:/opt/ros/foxy /usr/bin/cmake --install /home/student/dev_ws/src/build/skibot_interfaces
[3.124s] -- Install configuration: ""
[3.124s] -- Execute custom install script
[3.124s] -- Symlinking: /home/student/dev_ws/src/install/skibot_interfaces/share/ament_index/resource_index/rosidl_interfaces/skibot_interfaces
[3.132s] -- Symlinking: /home/student/dev_ws/src/install/skibot_interfaces/include/skibot_interfaces/msg/detail/pose__functions.h
[3.142s] -- Symlinking: /home/student/dev_ws/src/install/skibot_interfaces/include/skibot_interfaces/msg/detail/pose__struct.h
[3.153s] -- Symlinking: /home/student/dev_ws/src/install/skibot_interfaces/include/skibot_interfaces/msg/detail/pose__type_support.h
[3.163s] -- Symlinking: /home/student/dev_ws/src/install/skibot_interfaces/include/skibot_interfaces/msg/pose.h
[3.172s] -- Symlinking: /home/student/dev_ws/src/install/skibot_interfaces/include/skibot_interfaces/msg/rosidl_generator_c__visibility_control.h
[3.180s] -- Symlinking: /home/student/dev_ws/src/install/skibot_interfaces/include/skibot_interfaces/srv/detail/teleport__functions.h
[3.185s] -- Symlinking: /home/student/dev_ws/src/install/skibot_interfaces/include/skibot_interfaces/srv/detail/teleport__struct.h
[3.191s] -- Symlinking: /home/student/dev_ws/src/install/skibot_interfaces/include/skibot_interfaces/srv/detail/teleport__type_support.h
[3.196s] -- Symlinking: /home/student/dev_ws/src/install/skibot_interfaces/include/skibot_interfaces/srv/teleport.h
[3.202s] -- Symlinking: /home/student/dev_ws/src/install/skibot_interfaces/share/skibot_interfaces/environment/library_path.sh
[3.207s] -- Symlinking: /home/student/dev_ws/src/install/skibot_interfaces/share/skibot_interfaces/environment/library_path.dsv
[3.214s] -- Symlinking: /home/student/dev_ws/src/install/skibot_interfaces/include/skibot_interfaces/msg/detail/pose__rosidl_typesupport_fastrtps_c.h
[3.220s] -- Symlinking: /home/student/dev_ws/src/install/skibot_interfaces/include/skibot_interfaces/msg/rosidl_typesupport_fastrtps_c__visibility_control.h
[3.227s] -- Symlinking: /home/student/dev_ws/src/install/skibot_interfaces/include/skibot_interfaces/srv/detail/teleport__rosidl_typesupport_fastrtps_c.h
[3.233s] -- Symlinking: /home/student/dev_ws/src/install/skibot_interfaces/lib/libskibot_interfaces__rosidl_typesupport_fastrtps_c.so
[3.240s] -- Symlinking: /home/student/dev_ws/src/install/skibot_interfaces/include/skibot_interfaces/msg/detail/pose__rosidl_typesupport_fastrtps_cpp.hpp
[3.246s] -- Symlinking: /home/student/dev_ws/src/install/skibot_interfaces/include/skibot_interfaces/msg/rosidl_typesupport_fastrtps_cpp__visibility_control.h
[3.252s] -- Symlinking: /home/student/dev_ws/src/install/skibot_interfaces/include/skibot_interfaces/srv/detail/teleport__rosidl_typesupport_fastrtps_cpp.hpp
[3.258s] -- Symlinking: /home/student/dev_ws/src/install/skibot_interfaces/lib/libskibot_interfaces__rosidl_typesupport_fastrtps_cpp.so
[3.264s] -- Symlinking: /home/student/dev_ws/src/install/skibot_interfaces/include/skibot_interfaces/msg/detail/pose__rosidl_typesupport_introspection_c.h
[3.271s] -- Symlinking: /home/student/dev_ws/src/install/skibot_interfaces/include/skibot_interfaces/msg/rosidl_typesupport_introspection_c__visibility_control.h
[3.278s] -- Symlinking: /home/student/dev_ws/src/install/skibot_interfaces/include/skibot_interfaces/srv/detail/teleport__rosidl_typesupport_introspection_c.h
[3.284s] -- Symlinking: /home/student/dev_ws/src/install/skibot_interfaces/include/skibot_interfaces/msg/detail/pose__builder.hpp
[3.291s] -- Symlinking: /home/student/dev_ws/src/install/skibot_interfaces/include/skibot_interfaces/msg/detail/pose__struct.hpp
[3.296s] -- Symlinking: /home/student/dev_ws/src/install/skibot_interfaces/include/skibot_interfaces/msg/detail/pose__traits.hpp
[3.301s] -- Symlinking: /home/student/dev_ws/src/install/skibot_interfaces/include/skibot_interfaces/msg/pose.hpp
[3.308s] -- Symlinking: /home/student/dev_ws/src/install/skibot_interfaces/include/skibot_interfaces/srv/detail/teleport__builder.hpp
[3.313s] -- Symlinking: /home/student/dev_ws/src/install/skibot_interfaces/include/skibot_interfaces/srv/detail/teleport__struct.hpp
[3.320s] -- Symlinking: /home/student/dev_ws/src/install/skibot_interfaces/include/skibot_interfaces/srv/detail/teleport__traits.hpp
[3.327s] -- Symlinking: /home/student/dev_ws/src/install/skibot_interfaces/include/skibot_interfaces/srv/teleport.hpp
[3.334s] -- Symlinking: /home/student/dev_ws/src/install/skibot_interfaces/include/skibot_interfaces/msg/detail/pose__rosidl_typesupport_introspection_cpp.hpp
[3.340s] -- Symlinking: /home/student/dev_ws/src/install/skibot_interfaces/include/skibot_interfaces/srv/detail/teleport__rosidl_typesupport_introspection_cpp.hpp
[3.346s] -- Symlinking: /home/student/dev_ws/src/install/skibot_interfaces/share/skibot_interfaces/environment/pythonpath.sh
[3.351s] -- Symlinking: /home/student/dev_ws/src/install/skibot_interfaces/share/skibot_interfaces/environment/pythonpath.dsv
[3.357s] -- Symlinking: /home/student/dev_ws/src/install/skibot_interfaces/lib/python3.8/site-packages/skibot_interfaces/__init__.py
[3.363s] -- Symlinking: /home/student/dev_ws/src/install/skibot_interfaces/lib/python3.8/site-packages/skibot_interfaces/msg/__init__.py
[3.371s] -- Symlinking: /home/student/dev_ws/src/install/skibot_interfaces/lib/python3.8/site-packages/skibot_interfaces/msg/_pose.py
[3.378s] -- Symlinking: /home/student/dev_ws/src/install/skibot_interfaces/lib/python3.8/site-packages/skibot_interfaces/srv/__init__.py
[3.384s] -- Symlinking: /home/student/dev_ws/src/install/skibot_interfaces/lib/python3.8/site-packages/skibot_interfaces/srv/_teleport.py
[3.390s] -- Symlinking: /home/student/dev_ws/src/install/skibot_interfaces/lib/python3.8/site-packages/skibot_interfaces/skibot_interfaces_s__rosidl_typesupport_fastrtps_c.cpython-38-x86_64-linux-gnu.so
[3.397s] -- Symlinking: /home/student/dev_ws/src/install/skibot_interfaces/lib/python3.8/site-packages/skibot_interfaces/skibot_interfaces_s__rosidl_typesupport_introspection_c.cpython-38-x86_64-linux-gnu.so
[3.402s] -- Symlinking: /home/student/dev_ws/src/install/skibot_interfaces/lib/python3.8/site-packages/skibot_interfaces/skibot_interfaces_s__rosidl_typesupport_c.cpython-38-x86_64-linux-gnu.so
[3.407s] -- Symlinking: /home/student/dev_ws/src/install/skibot_interfaces/lib/libskibot_interfaces__python.so
[3.412s] -- Symlinking: /home/student/dev_ws/src/install/skibot_interfaces/share/skibot_interfaces/msg/Pose.idl
[3.417s] -- Symlinking: /home/student/dev_ws/src/install/skibot_interfaces/share/skibot_interfaces/srv/Teleport.idl
[3.424s] -- Symlinking: /home/student/dev_ws/src/install/skibot_interfaces/share/skibot_interfaces/msg/Pose.msg
[3.430s] -- Symlinking: /home/student/dev_ws/src/install/skibot_interfaces/share/skibot_interfaces/srv/Teleport.srv
[3.436s] -- Symlinking: /home/student/dev_ws/src/install/skibot_interfaces/share/skibot_interfaces/srv/Teleport_Request.msg
[3.442s] -- Symlinking: /home/student/dev_ws/src/install/skibot_interfaces/share/skibot_interfaces/srv/Teleport_Response.msg
[3.448s] -- Symlinking: /home/student/dev_ws/src/install/skibot_interfaces/share/ament_index/resource_index/package_run_dependencies/skibot_interfaces
[3.453s] -- Symlinking: /home/student/dev_ws/src/install/skibot_interfaces/share/ament_index/resource_index/parent_prefix_path/skibot_interfaces
[3.460s] -- Symlinking: /home/student/dev_ws/src/install/skibot_interfaces/share/skibot_interfaces/environment/ament_prefix_path.sh
[3.466s] -- Symlinking: /home/student/dev_ws/src/install/skibot_interfaces/share/skibot_interfaces/environment/ament_prefix_path.dsv
[3.473s] -- Symlinking: /home/student/dev_ws/src/install/skibot_interfaces/share/skibot_interfaces/environment/path.sh
[3.478s] -- Symlinking: /home/student/dev_ws/src/install/skibot_interfaces/share/skibot_interfaces/environment/path.dsv
[3.483s] -- Symlinking: /home/student/dev_ws/src/install/skibot_interfaces/share/skibot_interfaces/local_setup.bash
[3.488s] -- Symlinking: /home/student/dev_ws/src/install/skibot_interfaces/share/skibot_interfaces/local_setup.sh
[3.494s] -- Symlinking: /home/student/dev_ws/src/install/skibot_interfaces/share/skibot_interfaces/local_setup.zsh
[3.500s] -- Symlinking: /home/student/dev_ws/src/install/skibot_interfaces/share/skibot_interfaces/local_setup.dsv
[3.506s] -- Symlinking: /home/student/dev_ws/src/install/skibot_interfaces/share/skibot_interfaces/package.dsv
[3.513s] -- Symlinking: /home/student/dev_ws/src/install/skibot_interfaces/share/ament_index/resource_index/packages/skibot_interfaces
[3.518s] -- Symlinking: /home/student/dev_ws/src/install/skibot_interfaces/share/skibot_interfaces/cmake/rosidl_cmake-extras.cmake
[3.525s] -- Symlinking: /home/student/dev_ws/src/install/skibot_interfaces/share/skibot_interfaces/cmake/ament_cmake_export_dependencies-extras.cmake
[3.530s] -- Symlinking: /home/student/dev_ws/src/install/skibot_interfaces/share/skibot_interfaces/cmake/ament_cmake_export_libraries-extras.cmake
[3.536s] -- Symlinking: /home/student/dev_ws/src/install/skibot_interfaces/share/skibot_interfaces/cmake/ament_cmake_export_targets-extras.cmake
[3.542s] -- Symlinking: /home/student/dev_ws/src/install/skibot_interfaces/share/skibot_interfaces/cmake/ament_cmake_export_include_directories-extras.cmake
[3.547s] -- Symlinking: /home/student/dev_ws/src/install/skibot_interfaces/share/skibot_interfaces/cmake/rosidl_cmake_export_typesupport_libraries-extras.cmake
[3.554s] -- Symlinking: /home/student/dev_ws/src/install/skibot_interfaces/share/skibot_interfaces/cmake/rosidl_cmake_export_typesupport_targets-extras.cmake
[3.562s] -- Symlinking: /home/student/dev_ws/src/install/skibot_interfaces/share/skibot_interfaces/cmake/skibot_interfacesConfig.cmake
[3.569s] -- Symlinking: /home/student/dev_ws/src/install/skibot_interfaces/share/skibot_interfaces/cmake/skibot_interfacesConfig-version.cmake
[3.578s] -- Symlinking: /home/student/dev_ws/src/install/skibot_interfaces/share/skibot_interfaces/package.xml
[3.584s] -- Installing: /home/student/dev_ws/src/install/skibot_interfaces/lib/libskibot_interfaces__rosidl_generator_c.so
[3.584s] -- Set runtime path of "/home/student/dev_ws/src/install/skibot_interfaces/lib/libskibot_interfaces__rosidl_generator_c.so" to ""
[3.584s] -- Installing: /home/student/dev_ws/src/install/skibot_interfaces/lib/libskibot_interfaces__rosidl_typesupport_introspection_c.so
[3.585s] -- Set runtime path of "/home/student/dev_ws/src/install/skibot_interfaces/lib/libskibot_interfaces__rosidl_typesupport_introspection_c.so" to ""
[3.585s] -- Installing: /home/student/dev_ws/src/install/skibot_interfaces/lib/libskibot_interfaces__rosidl_typesupport_c.so
[3.585s] -- Set runtime path of "/home/student/dev_ws/src/install/skibot_interfaces/lib/libskibot_interfaces__rosidl_typesupport_c.so" to ""
[3.585s] -- Installing: /home/student/dev_ws/src/install/skibot_interfaces/lib/libskibot_interfaces__rosidl_typesupport_introspection_cpp.so
[3.585s] -- Set runtime path of "/home/student/dev_ws/src/install/skibot_interfaces/lib/libskibot_interfaces__rosidl_typesupport_introspection_cpp.so" to ""
[3.585s] -- Installing: /home/student/dev_ws/src/install/skibot_interfaces/lib/libskibot_interfaces__rosidl_typesupport_cpp.so
[3.586s] -- Set runtime path of "/home/student/dev_ws/src/install/skibot_interfaces/lib/libskibot_interfaces__rosidl_typesupport_cpp.so" to ""
[3.608s] Compiling '/home/student/dev_ws/src/install/skibot_interfaces/lib/python3.8/site-packages/skibot_interfaces/__init__.py'...
[3.611s] -- Installing: /home/student/dev_ws/src/install/skibot_interfaces/share/skibot_interfaces/cmake/skibot_interfaces__rosidl_generator_cExport.cmake
[3.611s] -- Installing: /home/student/dev_ws/src/install/skibot_interfaces/share/skibot_interfaces/cmake/skibot_interfaces__rosidl_generator_cExport-noconfig.cmake
[3.612s] -- Installing: /home/student/dev_ws/src/install/skibot_interfaces/share/skibot_interfaces/cmake/skibot_interfaces__rosidl_typesupport_introspection_cExport.cmake
[3.612s] -- Installing: /home/student/dev_ws/src/install/skibot_interfaces/share/skibot_interfaces/cmake/skibot_interfaces__rosidl_typesupport_introspection_cExport-noconfig.cmake
[3.612s] -- Installing: /home/student/dev_ws/src/install/skibot_interfaces/share/skibot_interfaces/cmake/skibot_interfaces__rosidl_typesupport_cExport.cmake
[3.612s] -- Installing: /home/student/dev_ws/src/install/skibot_interfaces/share/skibot_interfaces/cmake/skibot_interfaces__rosidl_typesupport_cExport-noconfig.cmake
[3.612s] -- Installing: /home/student/dev_ws/src/install/skibot_interfaces/share/skibot_interfaces/cmake/skibot_interfaces__rosidl_generator_cppExport.cmake
[3.612s] -- Installing: /home/student/dev_ws/src/install/skibot_interfaces/share/skibot_interfaces/cmake/skibot_interfaces__rosidl_typesupport_introspection_cppExport.cmake
[3.612s] -- Installing: /home/student/dev_ws/src/install/skibot_interfaces/share/skibot_interfaces/cmake/skibot_interfaces__rosidl_typesupport_introspection_cppExport-noconfig.cmake
[3.612s] -- Installing: /home/student/dev_ws/src/install/skibot_interfaces/share/skibot_interfaces/cmake/skibot_interfaces__rosidl_typesupport_cppExport.cmake
[3.612s] -- Installing: /home/student/dev_ws/src/install/skibot_interfaces/share/skibot_interfaces/cmake/skibot_interfaces__rosidl_typesupport_cppExport-noconfig.cmake
[3.614s] Invoked command in '/home/student/dev_ws/src/build/skibot_interfaces' returned '0': CMAKE_PREFIX_PATH=${CMAKE_PREFIX_PATH}:/home/student/turtlebot3_ws/install/jmu_turtlebot3_bringup:/opt/ros/foxy /usr/bin/cmake --install /home/student/dev_ws/src/build/skibot_interfaces
